------------------------------------------------------------------------------------------------------------------------

[2025-02-28 00:16:28 #1 server] 
Server on port 6136 has started by 21232@DESKTOP-USV625L

[2025-02-28 00:16:32 #2 store] 
Database 'C:\Users\anton\git\tarea3ADT2\tarea3AD2024\scripts\objectdb-2.9.2\db\ODBPeregrinos.odb' is opened by 21232@DESKTOP-USV625L

[2025-02-28 00:16:32 #3 store] 
Configuration path: C:\Users\anton\git\tarea3ADT2\tarea3AD2024\scripts\objectdb-2.9.2\objectdb.conf

[2025-02-28 00:19:08 #4 store] 
Database 'C:\Users\anton\git\tarea3ADT2\tarea3AD2024\scripts\objectdb-2.9.2\db\ODBPeregrinos.odb' is closed by 21232@DESKTOP-USV625L

[2025-02-28 00:41:01 #5 store] 
Database 'C:\Users\anton\git\tarea3ADT2\tarea3AD2024\scripts\objectdb-2.9.2\db\ODBPeregrinos.odb' is opened by 21232@DESKTOP-USV625L

[2025-02-28 00:41:01 #6 store] 
Configuration path: C:\Users\anton\git\tarea3ADT2\tarea3AD2024\scripts\objectdb-2.9.2\objectdb.conf

[2025-02-28 00:57:38 #7 store] 
Database 'C:\Users\anton\git\tarea3ADT2\tarea3AD2024\scripts\objectdb-2.9.2\db\ODBPeregrinos.odb' is closed by 21232@DESKTOP-USV625L

[2025-02-28 01:00:44 #8 store] 
Database 'C:\Users\anton\git\tarea3ADT2\tarea3AD2024\scripts\objectdb-2.9.2\db\ODBPeregrinos.odb' is opened by 21232@DESKTOP-USV625L

[2025-02-28 01:00:44 #9 store] 
Configuration path: C:\Users\anton\git\tarea3ADT2\tarea3AD2024\scripts\objectdb-2.9.2\objectdb.conf

[2025-02-28 01:00:46 #10 store] 
Database 'C:\Users\anton\git\tarea3ADT2\tarea3AD2024\scripts\objectdb-2.9.2\db\ODBPeregrinos.odb' is closed by 21232@DESKTOP-USV625L

[2025-02-28 01:03:43 #11 store] 
Database 'C:\Users\anton\git\tarea3ADT2\tarea3AD2024\scripts\objectdb-2.9.2\db\ODBPeregrinos.odb' is opened by 21232@DESKTOP-USV625L

[2025-02-28 01:03:43 #12 store] 
Configuration path: C:\Users\anton\git\tarea3ADT2\tarea3AD2024\scripts\objectdb-2.9.2\objectdb.conf

[2025-02-28 01:05:18 #13 store] 
Database 'C:\Users\anton\git\tarea3ADT2\tarea3AD2024\scripts\objectdb-2.9.2\db\ODBPeregrinos.odb' is closed by 21232@DESKTOP-USV625L

[2025-02-28 01:16:25 #14 store] 
Database 'C:\Users\anton\git\tarea3ADT2\tarea3AD2024\scripts\objectdb-2.9.2\db\ODBPeregrinos.odb' is opened by 21232@DESKTOP-USV625L

[2025-02-28 01:16:25 #15 store] 
Configuration path: C:\Users\anton\git\tarea3ADT2\tarea3AD2024\scripts\objectdb-2.9.2\objectdb.conf

[2025-02-28 01:16:28 #16 store] 
Database 'C:\Users\anton\git\tarea3ADT2\tarea3AD2024\scripts\objectdb-2.9.2\db\ODBPeregrinos.odb' is closed by 21232@DESKTOP-USV625L

[2025-02-28 01:17:00 #17 store] 
Database 'C:\Users\anton\git\tarea3ADT2\tarea3AD2024\scripts\objectdb-2.9.2\db\ODBPeregrinos.odb' is opened by 21232@DESKTOP-USV625L

[2025-02-28 01:17:00 #18 store] 
Configuration path: C:\Users\anton\git\tarea3ADT2\tarea3AD2024\scripts\objectdb-2.9.2\objectdb.conf

[2025-02-28 01:19:23 #19 store] 
Database 'C:\Users\anton\git\tarea3ADT2\tarea3AD2024\scripts\objectdb-2.9.2\db\ODBPeregrinos.odb' is closed by 21232@DESKTOP-USV625L

[2025-02-28 01:35:13 #20 store] 
Database 'C:\Users\anton\git\tarea3ADT2\tarea3AD2024\scripts\objectdb-2.9.2\db\ODBPeregrinos.odb' is opened by 21232@DESKTOP-USV625L

[2025-02-28 01:35:13 #21 store] 
Configuration path: C:\Users\anton\git\tarea3ADT2\tarea3AD2024\scripts\objectdb-2.9.2\objectdb.conf

[2025-02-28 01:43:37 #22 store] 
Database 'C:\Users\anton\git\tarea3ADT2\tarea3AD2024\scripts\objectdb-2.9.2\db\ODBPeregrinos.odb' is closed by 21232@DESKTOP-USV625L

------------------------------------------------------------------------------------------------------------------------

[2025-02-28 10:48:31 #1 server] 
Server on port 6136 has started by 13676@DESKTOP-USV625L

[2025-02-28 10:48:36 #2 store] 
Database 'C:\Users\anton\git\tarea3ADT2\tarea3AD2024\scripts\objectdb-2.9.2\db\ODBPeregrinos.odb' is opened by 13676@DESKTOP-USV625L

[2025-02-28 10:48:36 #3 store] 
Configuration path: C:\Users\anton\git\tarea3ADT2\tarea3AD2024\scripts\objectdb-2.9.2\objectdb.conf

[2025-02-28 15:07:55 #4 store] 
Database 'C:\Users\anton\git\tarea3ADT2\tarea3AD2024\scripts\objectdb-2.9.2\db\ODBPeregrinos.odb' is closed by 13676@DESKTOP-USV625L

------------------------------------------------------------------------------------------------------------------------

[2025-02-28 15:33:05 #1 server] 
Server on port 6136 has started by 11408@DESKTOP-USV625L

[2025-02-28 15:33:10 #2 store] 
Database 'C:\Users\anton\git\tarea3ADT2\tarea3AD2024\scripts\objectdb-2.9.2\db\ODBPeregrinos.odb' is opened by 11408@DESKTOP-USV625L

[2025-02-28 15:33:10 #3 store] 
Configuration path: C:\Users\anton\git\tarea3ADT2\tarea3AD2024\scripts\objectdb-2.9.2\objectdb.conf

[2025-02-28 15:37:47 #4 store] 
Database 'C:\Users\anton\git\tarea3ADT2\tarea3AD2024\scripts\objectdb-2.9.2\db\ODBPeregrinos.odb' is closed by 11408@DESKTOP-USV625L

[2025-02-28 16:13:35 #5 store] 
Database 'C:\Users\anton\git\tarea3ADT2\tarea3AD2024\scripts\objectdb-2.9.2\db\ODBPeregrinos.odb' is opened by 11408@DESKTOP-USV625L

[2025-02-28 16:13:35 #6 store] 
Configuration path: C:\Users\anton\git\tarea3ADT2\tarea3AD2024\scripts\objectdb-2.9.2\objectdb.conf

[2025-02-28 16:18:53 #7 store] 
Database 'C:\Users\anton\git\tarea3ADT2\tarea3AD2024\scripts\objectdb-2.9.2\db\ODBPeregrinos.odb' is closed by 11408@DESKTOP-USV625L

[2025-02-28 16:20:27 #8 store] 
Database 'C:\Users\anton\git\tarea3ADT2\tarea3AD2024\scripts\objectdb-2.9.2\db\ODBPeregrinos.odb' is opened by 11408@DESKTOP-USV625L

[2025-02-28 16:20:27 #9 store] 
Configuration path: C:\Users\anton\git\tarea3ADT2\tarea3AD2024\scripts\objectdb-2.9.2\objectdb.conf

[2025-02-28 16:26:13 #10 store] 
Database 'C:\Users\anton\git\tarea3ADT2\tarea3AD2024\scripts\objectdb-2.9.2\db\ODBPeregrinos.odb' is closed by 11408@DESKTOP-USV625L

[2025-02-28 16:30:42 #11 store] 
Database 'C:\Users\anton\git\tarea3ADT2\tarea3AD2024\scripts\objectdb-2.9.2\db\ODBPeregrinos.odb' is opened by 11408@DESKTOP-USV625L

[2025-02-28 16:30:42 #12 store] 
Configuration path: C:\Users\anton\git\tarea3ADT2\tarea3AD2024\scripts\objectdb-2.9.2\objectdb.conf

[2025-02-28 16:33:09 #13 store] 
Database 'C:\Users\anton\git\tarea3ADT2\tarea3AD2024\scripts\objectdb-2.9.2\db\ODBPeregrinos.odb' is closed by 11408@DESKTOP-USV625L

